<?xml version="1.0" encoding="UTF-8"?>
<!-- Generated by org.testng.reporters.JUnitXMLReporter -->
<testsuite ignored="0" hostname="KarFamily" failures="1" tests="3" name="ErrorValidationTest" time="13.945" errors="0" timestamp="2025-01-29T07:46:49 IST">
  <testcase classname="kartestingprojects.seleniumjavatest.errorValidations" name="loginPageValidation" time="0.875">
    <skipped/>
  </testcase> <!-- loginPageValidation -->
  <testcase classname="kartestingprojects.seleniumjavatest.errorValidations" name="loginPageValidation" time="0.622">
    <failure type="java.lang.AssertionError" message="expected [Incorrect email or password.] but found [Incorrect email password.]">
      <![CDATA[java.lang.AssertionError: expected [Incorrect email or password.] but found [Incorrect email password.]
at kartestingprojects.seleniumjavatest.errorValidations.loginPageValidation(errorValidations.java:33)
at java.base/java.util.ArrayList.forEach(ArrayList.java:1511)
at java.base/java.util.concurrent.FutureTask.run(FutureTask.java:264)
at java.base/java.util.concurrent.ThreadPoolExecutor.runWorker(ThreadPoolExecutor.java:1136)
at java.base/java.util.concurrent.ThreadPoolExecutor$Worker.run(ThreadPoolExecutor.java:635)
at java.base/java.lang.Thread.run(Thread.java:842)
... Removed 23 stack frames]]>
    </failure>
  </testcase> <!-- loginPageValidation -->
  <testcase classname="kartestingprojects.seleniumjavatest.errorValidations" name="productCatalougueValidation" time="2.949"/>
</testsuite> <!-- ErrorValidationTest -->
